{"/Users/weaver/Desktop/eliza-dot-aes/packages/common/src/index.ts": {"path":"/Users/weaver/Desktop/eliza-dot-aes/packages/common/src/index.ts","all":false,"statementMap":{"0":{"start":{"line":1,"column":0},"end":{"line":1,"column":3}},"1":{"start":{"line":2,"column":0},"end":{"line":2,"column":25}},"2":{"start":{"line":3,"column":0},"end":{"line":3,"column":3}},"3":{"start":{"line":4,"column":0},"end":{"line":4,"column":66}},"4":{"start":{"line":5,"column":0},"end":{"line":5,"column":67}},"5":{"start":{"line":6,"column":0},"end":{"line":6,"column":42}},"6":{"start":{"line":7,"column":0},"end":{"line":7,"column":3}},"7":{"start":{"line":8,"column":0},"end":{"line":8,"column":49}},"8":{"start":{"line":9,"column":0},"end":{"line":9,"column":3}},"9":{"start":{"line":10,"column":0},"end":{"line":10,"column":70}},"10":{"start":{"line":11,"column":0},"end":{"line":11,"column":68}},"11":{"start":{"line":12,"column":0},"end":{"line":12,"column":75}},"12":{"start":{"line":13,"column":0},"end":{"line":13,"column":70}},"13":{"start":{"line":14,"column":0},"end":{"line":14,"column":33}},"14":{"start":{"line":15,"column":0},"end":{"line":15,"column":3}},"15":{"start":{"line":16,"column":0},"end":{"line":16,"column":0}},"16":{"start":{"line":17,"column":0},"end":{"line":17,"column":52}},"17":{"start":{"line":18,"column":0},"end":{"line":18,"column":26}},"18":{"start":{"line":19,"column":0},"end":{"line":19,"column":22}},"19":{"start":{"line":20,"column":0},"end":{"line":20,"column":43}},"20":{"start":{"line":21,"column":0},"end":{"line":21,"column":73}},"21":{"start":{"line":22,"column":0},"end":{"line":22,"column":45}},"22":{"start":{"line":23,"column":0},"end":{"line":23,"column":0}},"23":{"start":{"line":24,"column":0},"end":{"line":24,"column":3}},"24":{"start":{"line":25,"column":0},"end":{"line":25,"column":52}},"25":{"start":{"line":26,"column":0},"end":{"line":26,"column":117}},"26":{"start":{"line":27,"column":0},"end":{"line":27,"column":3}},"27":{"start":{"line":28,"column":0},"end":{"line":28,"column":51}},"28":{"start":{"line":29,"column":0},"end":{"line":29,"column":34}},"29":{"start":{"line":30,"column":0},"end":{"line":30,"column":36}},"30":{"start":{"line":31,"column":0},"end":{"line":31,"column":37}},"31":{"start":{"line":32,"column":0},"end":{"line":32,"column":38}},"32":{"start":{"line":33,"column":0},"end":{"line":33,"column":111}},"33":{"start":{"line":34,"column":0},"end":{"line":34,"column":0}},"34":{"start":{"line":35,"column":0},"end":{"line":35,"column":7}},"35":{"start":{"line":36,"column":0},"end":{"line":36,"column":60}},"36":{"start":{"line":37,"column":0},"end":{"line":37,"column":92}},"37":{"start":{"line":38,"column":0},"end":{"line":38,"column":71}},"38":{"start":{"line":39,"column":0},"end":{"line":39,"column":110}},"39":{"start":{"line":40,"column":0},"end":{"line":40,"column":96}},"40":{"start":{"line":41,"column":0},"end":{"line":41,"column":64}},"41":{"start":{"line":42,"column":0},"end":{"line":42,"column":66}},"42":{"start":{"line":43,"column":0},"end":{"line":43,"column":15}},"43":{"start":{"line":44,"column":0},"end":{"line":44,"column":53}},"44":{"start":{"line":45,"column":0},"end":{"line":45,"column":78}},"45":{"start":{"line":46,"column":0},"end":{"line":46,"column":19}},"46":{"start":{"line":47,"column":0},"end":{"line":47,"column":33}},"47":{"start":{"line":48,"column":0},"end":{"line":48,"column":42}},"48":{"start":{"line":49,"column":0},"end":{"line":49,"column":9}},"49":{"start":{"line":50,"column":0},"end":{"line":50,"column":7}},"50":{"start":{"line":51,"column":0},"end":{"line":51,"column":300}},"51":{"start":{"line":52,"column":0},"end":{"line":52,"column":48}},"52":{"start":{"line":53,"column":0},"end":{"line":53,"column":123}},"53":{"start":{"line":54,"column":0},"end":{"line":54,"column":28}},"54":{"start":{"line":55,"column":0},"end":{"line":55,"column":5}},"55":{"start":{"line":56,"column":0},"end":{"line":56,"column":0}},"56":{"start":{"line":57,"column":0},"end":{"line":57,"column":7}},"57":{"start":{"line":58,"column":0},"end":{"line":58,"column":71}},"58":{"start":{"line":59,"column":0},"end":{"line":59,"column":92}},"59":{"start":{"line":60,"column":0},"end":{"line":60,"column":71}},"60":{"start":{"line":61,"column":0},"end":{"line":61,"column":110}},"61":{"start":{"line":62,"column":0},"end":{"line":62,"column":96}},"62":{"start":{"line":63,"column":0},"end":{"line":63,"column":74}},"63":{"start":{"line":64,"column":0},"end":{"line":64,"column":66}},"64":{"start":{"line":65,"column":0},"end":{"line":65,"column":47}},"65":{"start":{"line":66,"column":0},"end":{"line":66,"column":7}},"66":{"start":{"line":67,"column":0},"end":{"line":67,"column":300}},"67":{"start":{"line":68,"column":0},"end":{"line":68,"column":79}},"68":{"start":{"line":69,"column":0},"end":{"line":69,"column":100}},"69":{"start":{"line":70,"column":0},"end":{"line":70,"column":39}},"70":{"start":{"line":71,"column":0},"end":{"line":71,"column":52}},"71":{"start":{"line":72,"column":0},"end":{"line":72,"column":41}},"72":{"start":{"line":73,"column":0},"end":{"line":73,"column":43}},"73":{"start":{"line":74,"column":0},"end":{"line":74,"column":67}},"74":{"start":{"line":75,"column":0},"end":{"line":75,"column":29}},"75":{"start":{"line":76,"column":0},"end":{"line":76,"column":71}},"76":{"start":{"line":77,"column":0},"end":{"line":77,"column":11}},"77":{"start":{"line":78,"column":0},"end":{"line":78,"column":20}},"78":{"start":{"line":79,"column":0},"end":{"line":79,"column":5}},"79":{"start":{"line":80,"column":0},"end":{"line":80,"column":0}},"80":{"start":{"line":81,"column":0},"end":{"line":81,"column":7}},"81":{"start":{"line":82,"column":0},"end":{"line":82,"column":29}},"82":{"start":{"line":83,"column":0},"end":{"line":83,"column":29}},"83":{"start":{"line":84,"column":0},"end":{"line":84,"column":7}},"84":{"start":{"line":85,"column":0},"end":{"line":85,"column":42}},"85":{"start":{"line":86,"column":0},"end":{"line":86,"column":32}},"86":{"start":{"line":87,"column":0},"end":{"line":87,"column":5}},"87":{"start":{"line":88,"column":0},"end":{"line":88,"column":0}},"88":{"start":{"line":89,"column":0},"end":{"line":89,"column":7}},"89":{"start":{"line":90,"column":0},"end":{"line":90,"column":25}},"90":{"start":{"line":91,"column":0},"end":{"line":91,"column":50}},"91":{"start":{"line":92,"column":0},"end":{"line":92,"column":48}},"92":{"start":{"line":93,"column":0},"end":{"line":93,"column":48}},"93":{"start":{"line":94,"column":0},"end":{"line":94,"column":71}},"94":{"start":{"line":95,"column":0},"end":{"line":95,"column":7}},"95":{"start":{"line":96,"column":0},"end":{"line":96,"column":92}},"96":{"start":{"line":97,"column":0},"end":{"line":97,"column":13}},"97":{"start":{"line":98,"column":0},"end":{"line":98,"column":62}},"98":{"start":{"line":99,"column":0},"end":{"line":99,"column":64}},"99":{"start":{"line":100,"column":0},"end":{"line":100,"column":13}},"100":{"start":{"line":101,"column":0},"end":{"line":101,"column":62}},"101":{"start":{"line":102,"column":0},"end":{"line":102,"column":67}},"102":{"start":{"line":103,"column":0},"end":{"line":103,"column":64}},"103":{"start":{"line":104,"column":0},"end":{"line":104,"column":52}},"104":{"start":{"line":105,"column":0},"end":{"line":105,"column":85}},"105":{"start":{"line":106,"column":0},"end":{"line":106,"column":86}},"106":{"start":{"line":107,"column":0},"end":{"line":107,"column":106}},"107":{"start":{"line":108,"column":0},"end":{"line":108,"column":82}},"108":{"start":{"line":109,"column":0},"end":{"line":109,"column":61}},"109":{"start":{"line":110,"column":0},"end":{"line":110,"column":87}},"110":{"start":{"line":111,"column":0},"end":{"line":111,"column":107}},"111":{"start":{"line":112,"column":0},"end":{"line":112,"column":118}},"112":{"start":{"line":113,"column":0},"end":{"line":113,"column":89}},"113":{"start":{"line":114,"column":0},"end":{"line":114,"column":74}},"114":{"start":{"line":115,"column":0},"end":{"line":115,"column":25}},"115":{"start":{"line":116,"column":0},"end":{"line":116,"column":62}},"116":{"start":{"line":117,"column":0},"end":{"line":117,"column":9}},"117":{"start":{"line":118,"column":0},"end":{"line":118,"column":5}},"118":{"start":{"line":119,"column":0},"end":{"line":119,"column":0}},"119":{"start":{"line":120,"column":0},"end":{"line":120,"column":7}},"120":{"start":{"line":121,"column":0},"end":{"line":121,"column":25}},"121":{"start":{"line":122,"column":0},"end":{"line":122,"column":54}},"122":{"start":{"line":123,"column":0},"end":{"line":123,"column":43}},"123":{"start":{"line":124,"column":0},"end":{"line":124,"column":57}},"124":{"start":{"line":125,"column":0},"end":{"line":125,"column":7}},"125":{"start":{"line":126,"column":0},"end":{"line":126,"column":67}},"126":{"start":{"line":127,"column":0},"end":{"line":127,"column":13}},"127":{"start":{"line":128,"column":0},"end":{"line":128,"column":62}},"128":{"start":{"line":129,"column":0},"end":{"line":129,"column":101}},"129":{"start":{"line":130,"column":0},"end":{"line":130,"column":78}},"130":{"start":{"line":131,"column":0},"end":{"line":131,"column":106}},"131":{"start":{"line":132,"column":0},"end":{"line":132,"column":88}},"132":{"start":{"line":133,"column":0},"end":{"line":133,"column":107}},"133":{"start":{"line":134,"column":0},"end":{"line":134,"column":87}},"134":{"start":{"line":135,"column":0},"end":{"line":135,"column":92}},"135":{"start":{"line":136,"column":0},"end":{"line":136,"column":98}},"136":{"start":{"line":137,"column":0},"end":{"line":137,"column":75}},"137":{"start":{"line":138,"column":0},"end":{"line":138,"column":50}},"138":{"start":{"line":139,"column":0},"end":{"line":139,"column":25}},"139":{"start":{"line":140,"column":0},"end":{"line":140,"column":62}},"140":{"start":{"line":141,"column":0},"end":{"line":141,"column":9}},"141":{"start":{"line":142,"column":0},"end":{"line":142,"column":5}},"142":{"start":{"line":143,"column":0},"end":{"line":143,"column":0}},"143":{"start":{"line":144,"column":0},"end":{"line":144,"column":7}},"144":{"start":{"line":145,"column":0},"end":{"line":145,"column":29}},"145":{"start":{"line":146,"column":0},"end":{"line":146,"column":48}},"146":{"start":{"line":147,"column":0},"end":{"line":147,"column":33}},"147":{"start":{"line":148,"column":0},"end":{"line":148,"column":50}},"148":{"start":{"line":149,"column":0},"end":{"line":149,"column":7}},"149":{"start":{"line":150,"column":0},"end":{"line":150,"column":80}},"150":{"start":{"line":151,"column":0},"end":{"line":151,"column":74}},"151":{"start":{"line":152,"column":0},"end":{"line":152,"column":5}},"152":{"start":{"line":153,"column":0},"end":{"line":153,"column":1}},"153":{"start":{"line":154,"column":0},"end":{"line":154,"column":0}},"154":{"start":{"line":155,"column":0},"end":{"line":155,"column":3}},"155":{"start":{"line":156,"column":0},"end":{"line":156,"column":30}},"156":{"start":{"line":157,"column":0},"end":{"line":157,"column":34}},"157":{"start":{"line":158,"column":0},"end":{"line":158,"column":27}},"158":{"start":{"line":159,"column":0},"end":{"line":159,"column":30}},"159":{"start":{"line":160,"column":0},"end":{"line":160,"column":29}},"160":{"start":{"line":161,"column":0},"end":{"line":161,"column":3}},"161":{"start":{"line":162,"column":0},"end":{"line":162,"column":69}},"162":{"start":{"line":163,"column":0},"end":{"line":163,"column":48}},"163":{"start":{"line":164,"column":0},"end":{"line":164,"column":55}},"164":{"start":{"line":165,"column":0},"end":{"line":165,"column":51}},"165":{"start":{"line":166,"column":0},"end":{"line":166,"column":7}},"166":{"start":{"line":167,"column":0},"end":{"line":167,"column":24}},"167":{"start":{"line":168,"column":0},"end":{"line":168,"column":46}},"168":{"start":{"line":169,"column":0},"end":{"line":169,"column":16}},"169":{"start":{"line":170,"column":0},"end":{"line":170,"column":1}},"170":{"start":{"line":171,"column":0},"end":{"line":171,"column":0}},"171":{"start":{"line":172,"column":0},"end":{"line":172,"column":3}},"172":{"start":{"line":173,"column":0},"end":{"line":173,"column":30}},"173":{"start":{"line":174,"column":0},"end":{"line":174,"column":71}},"174":{"start":{"line":175,"column":0},"end":{"line":175,"column":30}},"175":{"start":{"line":176,"column":0},"end":{"line":176,"column":26}},"176":{"start":{"line":177,"column":0},"end":{"line":177,"column":62}},"177":{"start":{"line":178,"column":0},"end":{"line":178,"column":3}},"178":{"start":{"line":179,"column":0},"end":{"line":179,"column":90}},"179":{"start":{"line":180,"column":0},"end":{"line":180,"column":48}},"180":{"start":{"line":181,"column":0},"end":{"line":181,"column":60}},"181":{"start":{"line":182,"column":0},"end":{"line":182,"column":36}},"182":{"start":{"line":183,"column":0},"end":{"line":183,"column":41}},"183":{"start":{"line":184,"column":0},"end":{"line":184,"column":53}},"184":{"start":{"line":185,"column":0},"end":{"line":185,"column":1}},"185":{"start":{"line":186,"column":0},"end":{"line":186,"column":0}},"186":{"start":{"line":187,"column":0},"end":{"line":187,"column":3}},"187":{"start":{"line":188,"column":0},"end":{"line":188,"column":30}},"188":{"start":{"line":189,"column":0},"end":{"line":189,"column":71}},"189":{"start":{"line":190,"column":0},"end":{"line":190,"column":30}},"190":{"start":{"line":191,"column":0},"end":{"line":191,"column":26}},"191":{"start":{"line":192,"column":0},"end":{"line":192,"column":62}},"192":{"start":{"line":193,"column":0},"end":{"line":193,"column":3}},"193":{"start":{"line":194,"column":0},"end":{"line":194,"column":90}},"194":{"start":{"line":195,"column":0},"end":{"line":195,"column":48}},"195":{"start":{"line":196,"column":0},"end":{"line":196,"column":60}},"196":{"start":{"line":197,"column":0},"end":{"line":197,"column":36}},"197":{"start":{"line":198,"column":0},"end":{"line":198,"column":41}},"198":{"start":{"line":199,"column":0},"end":{"line":199,"column":53}},"199":{"start":{"line":200,"column":0},"end":{"line":200,"column":1}},"200":{"start":{"line":201,"column":0},"end":{"line":201,"column":0}},"201":{"start":{"line":202,"column":0},"end":{"line":202,"column":3}},"202":{"start":{"line":203,"column":0},"end":{"line":203,"column":29}},"203":{"start":{"line":204,"column":0},"end":{"line":204,"column":40}},"204":{"start":{"line":205,"column":0},"end":{"line":205,"column":28}},"205":{"start":{"line":206,"column":0},"end":{"line":206,"column":28}},"206":{"start":{"line":207,"column":0},"end":{"line":207,"column":3}},"207":{"start":{"line":208,"column":0},"end":{"line":208,"column":74}},"208":{"start":{"line":209,"column":0},"end":{"line":209,"column":44}},"209":{"start":{"line":210,"column":0},"end":{"line":210,"column":1}},"210":{"start":{"line":211,"column":0},"end":{"line":211,"column":0}},"211":{"start":{"line":212,"column":0},"end":{"line":212,"column":3}},"212":{"start":{"line":213,"column":0},"end":{"line":213,"column":34}},"213":{"start":{"line":214,"column":0},"end":{"line":214,"column":29}},"214":{"start":{"line":215,"column":0},"end":{"line":215,"column":30}},"215":{"start":{"line":216,"column":0},"end":{"line":216,"column":44}},"216":{"start":{"line":217,"column":0},"end":{"line":217,"column":28}},"217":{"start":{"line":218,"column":0},"end":{"line":218,"column":3}},"218":{"start":{"line":219,"column":0},"end":{"line":219,"column":94}},"219":{"start":{"line":220,"column":0},"end":{"line":220,"column":54}},"220":{"start":{"line":221,"column":0},"end":{"line":221,"column":44}},"221":{"start":{"line":222,"column":0},"end":{"line":222,"column":42}},"222":{"start":{"line":223,"column":0},"end":{"line":223,"column":5}},"223":{"start":{"line":224,"column":0},"end":{"line":224,"column":26}},"224":{"start":{"line":225,"column":0},"end":{"line":225,"column":1}},"225":{"start":{"line":226,"column":0},"end":{"line":226,"column":0}},"226":{"start":{"line":227,"column":0},"end":{"line":227,"column":3}},"227":{"start":{"line":228,"column":0},"end":{"line":228,"column":46}},"228":{"start":{"line":229,"column":0},"end":{"line":229,"column":42}},"229":{"start":{"line":230,"column":0},"end":{"line":230,"column":43}},"230":{"start":{"line":231,"column":0},"end":{"line":231,"column":31}},"231":{"start":{"line":232,"column":0},"end":{"line":232,"column":3}},"232":{"start":{"line":233,"column":0},"end":{"line":233,"column":78}},"233":{"start":{"line":234,"column":0},"end":{"line":234,"column":85}},"234":{"start":{"line":235,"column":0},"end":{"line":235,"column":84}},"235":{"start":{"line":236,"column":0},"end":{"line":236,"column":29}},"236":{"start":{"line":237,"column":0},"end":{"line":237,"column":18}},"237":{"start":{"line":238,"column":0},"end":{"line":238,"column":1}},"238":{"start":{"line":239,"column":0},"end":{"line":239,"column":0}},"239":{"start":{"line":240,"column":0},"end":{"line":240,"column":29}},"240":{"start":{"line":241,"column":0},"end":{"line":241,"column":24}}},"s":{"0":1,"1":1,"2":1,"3":1,"4":1,"5":1,"6":1,"7":1,"8":1,"9":1,"10":1,"11":1,"12":1,"13":1,"14":1,"15":1,"16":1,"17":1,"18":1,"19":1,"20":1,"21":1,"22":1,"23":1,"24":1,"25":1,"26":1,"27":1,"28":1,"29":1,"30":1,"31":1,"32":1,"33":1,"34":1,"35":1,"36":1,"37":1,"38":1,"39":1,"40":1,"41":1,"42":1,"43":1,"44":1,"45":1,"46":1,"47":1,"48":1,"49":1,"50":1,"51":13,"52":13,"53":13,"54":13,"55":1,"56":1,"57":1,"58":1,"59":1,"60":1,"61":1,"62":1,"63":1,"64":1,"65":1,"66":1,"67":13,"68":13,"69":13,"70":13,"71":13,"72":13,"73":13,"74":13,"75":0,"76":13,"77":13,"78":13,"79":1,"80":1,"81":1,"82":1,"83":1,"84":1,"85":0,"86":0,"87":1,"88":1,"89":1,"90":1,"91":1,"92":1,"93":1,"94":1,"95":1,"96":8,"97":8,"98":1,"99":1,"100":8,"101":6,"102":6,"103":6,"104":6,"105":4,"106":4,"107":4,"108":4,"109":4,"110":4,"111":4,"112":4,"113":4,"114":4,"115":4,"116":4,"117":8,"118":1,"119":1,"120":1,"121":1,"122":1,"123":1,"124":1,"125":1,"126":6,"127":6,"128":6,"129":6,"130":6,"131":6,"132":5,"133":5,"134":5,"135":5,"136":4,"137":4,"138":6,"139":2,"140":2,"141":6,"142":1,"143":1,"144":1,"145":1,"146":1,"147":1,"148":1,"149":1,"150":11,"151":11,"152":1,"153":1,"154":1,"155":1,"156":1,"157":1,"158":1,"159":1,"160":1,"161":13,"162":13,"163":13,"164":13,"165":13,"166":13,"167":13,"168":13,"169":13,"170":1,"171":1,"172":1,"173":1,"174":1,"175":1,"176":1,"177":1,"178":4,"179":4,"180":4,"181":4,"182":4,"183":4,"184":4,"185":1,"186":1,"187":1,"188":1,"189":1,"190":1,"191":1,"192":1,"193":5,"194":5,"195":5,"196":4,"197":4,"198":4,"199":4,"200":1,"201":1,"202":1,"203":1,"204":1,"205":1,"206":1,"207":9,"208":9,"209":9,"210":1,"211":1,"212":1,"213":1,"214":1,"215":1,"216":1,"217":1,"218":9,"219":9,"220":9,"221":288,"222":288,"223":9,"224":9,"225":1,"226":1,"227":1,"228":1,"229":1,"230":1,"231":1,"232":4,"233":4,"234":4,"235":4,"236":4,"237":4,"238":1,"239":1,"240":1},"branchMap":{"0":{"type":"branch","line":51,"loc":{"start":{"line":51,"column":4},"end":{"line":55,"column":5}},"locations":[{"start":{"line":51,"column":4},"end":{"line":55,"column":5}}]},"1":{"type":"branch","line":67,"loc":{"start":{"line":67,"column":4},"end":{"line":79,"column":5}},"locations":[{"start":{"line":67,"column":4},"end":{"line":79,"column":5}}]},"2":{"type":"branch","line":69,"loc":{"start":{"line":69,"column":70},"end":{"line":75,"column":9}},"locations":[{"start":{"line":69,"column":70},"end":{"line":75,"column":9}}]},"3":{"type":"branch","line":96,"loc":{"start":{"line":96,"column":4},"end":{"line":118,"column":5}},"locations":[{"start":{"line":96,"column":4},"end":{"line":118,"column":5}}]},"4":{"type":"branch","line":98,"loc":{"start":{"line":98,"column":61},"end":{"line":100,"column":13}},"locations":[{"start":{"line":98,"column":61},"end":{"line":100,"column":13}}]},"5":{"type":"branch","line":100,"loc":{"start":{"line":100,"column":12},"end":{"line":101,"column":32}},"locations":[{"start":{"line":100,"column":12},"end":{"line":101,"column":32}}]},"6":{"type":"branch","line":101,"loc":{"start":{"line":101,"column":26},"end":{"line":101,"column":62}},"locations":[{"start":{"line":101,"column":26},"end":{"line":101,"column":62}}]},"7":{"type":"branch","line":101,"loc":{"start":{"line":101,"column":60},"end":{"line":105,"column":85}},"locations":[{"start":{"line":101,"column":60},"end":{"line":105,"column":85}}]},"8":{"type":"branch","line":105,"loc":{"start":{"line":105,"column":83},"end":{"line":117,"column":9}},"locations":[{"start":{"line":105,"column":83},"end":{"line":117,"column":9}}]},"9":{"type":"branch","line":126,"loc":{"start":{"line":126,"column":4},"end":{"line":142,"column":5}},"locations":[{"start":{"line":126,"column":4},"end":{"line":142,"column":5}}]},"10":{"type":"branch","line":128,"loc":{"start":{"line":128,"column":26},"end":{"line":128,"column":62}},"locations":[{"start":{"line":128,"column":26},"end":{"line":128,"column":62}}]},"11":{"type":"branch","line":132,"loc":{"start":{"line":132,"column":86},"end":{"line":136,"column":98}},"locations":[{"start":{"line":132,"column":86},"end":{"line":136,"column":98}}]},"12":{"type":"branch","line":136,"loc":{"start":{"line":136,"column":96},"end":{"line":139,"column":17}},"locations":[{"start":{"line":136,"column":96},"end":{"line":139,"column":17}}]},"13":{"type":"branch","line":139,"loc":{"start":{"line":139,"column":8},"end":{"line":141,"column":9}},"locations":[{"start":{"line":139,"column":8},"end":{"line":141,"column":9}}]},"14":{"type":"branch","line":129,"loc":{"start":{"line":129,"column":76},"end":{"line":129,"column":98}},"locations":[{"start":{"line":129,"column":76},"end":{"line":129,"column":98}}]},"15":{"type":"branch","line":150,"loc":{"start":{"line":150,"column":4},"end":{"line":152,"column":5}},"locations":[{"start":{"line":150,"column":4},"end":{"line":152,"column":5}}]},"16":{"type":"branch","line":162,"loc":{"start":{"line":162,"column":0},"end":{"line":170,"column":1}},"locations":[{"start":{"line":162,"column":0},"end":{"line":170,"column":1}}]},"17":{"type":"branch","line":163,"loc":{"start":{"line":163,"column":15},"end":{"line":163,"column":48}},"locations":[{"start":{"line":163,"column":15},"end":{"line":163,"column":48}}]},"18":{"type":"branch","line":179,"loc":{"start":{"line":179,"column":0},"end":{"line":185,"column":1}},"locations":[{"start":{"line":179,"column":0},"end":{"line":185,"column":1}}]},"19":{"type":"branch","line":180,"loc":{"start":{"line":180,"column":15},"end":{"line":180,"column":48}},"locations":[{"start":{"line":180,"column":15},"end":{"line":180,"column":48}}]},"20":{"type":"branch","line":181,"loc":{"start":{"line":181,"column":27},"end":{"line":181,"column":60}},"locations":[{"start":{"line":181,"column":27},"end":{"line":181,"column":60}}]},"21":{"type":"branch","line":194,"loc":{"start":{"line":194,"column":0},"end":{"line":200,"column":1}},"locations":[{"start":{"line":194,"column":0},"end":{"line":200,"column":1}}]},"22":{"type":"branch","line":195,"loc":{"start":{"line":195,"column":15},"end":{"line":195,"column":48}},"locations":[{"start":{"line":195,"column":15},"end":{"line":195,"column":48}}]},"23":{"type":"branch","line":196,"loc":{"start":{"line":196,"column":27},"end":{"line":196,"column":60}},"locations":[{"start":{"line":196,"column":27},"end":{"line":196,"column":60}}]},"24":{"type":"branch","line":196,"loc":{"start":{"line":196,"column":58},"end":{"line":200,"column":1}},"locations":[{"start":{"line":196,"column":58},"end":{"line":200,"column":1}}]},"25":{"type":"branch","line":208,"loc":{"start":{"line":208,"column":0},"end":{"line":210,"column":1}},"locations":[{"start":{"line":208,"column":0},"end":{"line":210,"column":1}}]},"26":{"type":"branch","line":219,"loc":{"start":{"line":219,"column":0},"end":{"line":225,"column":1}},"locations":[{"start":{"line":219,"column":0},"end":{"line":225,"column":1}}]},"27":{"type":"branch","line":221,"loc":{"start":{"line":221,"column":43},"end":{"line":223,"column":5}},"locations":[{"start":{"line":221,"column":43},"end":{"line":223,"column":5}}]},"28":{"type":"branch","line":233,"loc":{"start":{"line":233,"column":0},"end":{"line":238,"column":1}},"locations":[{"start":{"line":233,"column":0},"end":{"line":238,"column":1}}]}},"b":{"0":[13],"1":[13],"2":[13],"3":[8],"4":[1],"5":[7],"6":[1],"7":[6],"8":[4],"9":[6],"10":[0],"11":[5],"12":[4],"13":[2],"14":[3488],"15":[11],"16":[13],"17":[0],"18":[4],"19":[0],"20":[0],"21":[5],"22":[0],"23":[1],"24":[4],"25":[9],"26":[9],"27":[288],"28":[4]},"fnMap":{"0":{"name":"build","decl":{"start":{"line":51,"column":4},"end":{"line":55,"column":5}},"loc":{"start":{"line":51,"column":4},"end":{"line":55,"column":5}},"line":51},"1":{"name":"init","decl":{"start":{"line":67,"column":4},"end":{"line":79,"column":5}},"loc":{"start":{"line":67,"column":4},"end":{"line":79,"column":5}},"line":67},"2":{"name":"getKeyPairType","decl":{"start":{"line":85,"column":11},"end":{"line":87,"column":5}},"loc":{"start":{"line":85,"column":11},"end":{"line":87,"column":5}},"line":85},"3":{"name":"encryptMessage","decl":{"start":{"line":96,"column":4},"end":{"line":118,"column":5}},"loc":{"start":{"line":96,"column":4},"end":{"line":118,"column":5}},"line":96},"4":{"name":"decryptMessage","decl":{"start":{"line":126,"column":4},"end":{"line":142,"column":5}},"loc":{"start":{"line":126,"column":4},"end":{"line":142,"column":5}},"line":126},"5":{"name":"getSharedSecret","decl":{"start":{"line":150,"column":4},"end":{"line":152,"column":5}},"loc":{"start":{"line":150,"column":4},"end":{"line":152,"column":5}},"line":150},"6":{"name":"hmacSha512","decl":{"start":{"line":162,"column":0},"end":{"line":170,"column":1}},"loc":{"start":{"line":162,"column":0},"end":{"line":170,"column":1}},"line":162},"7":{"name":"aesEncryptData","decl":{"start":{"line":179,"column":0},"end":{"line":185,"column":1}},"loc":{"start":{"line":179,"column":0},"end":{"line":185,"column":1}},"line":179},"8":{"name":"aesDecryptData","decl":{"start":{"line":194,"column":0},"end":{"line":200,"column":1}},"loc":{"start":{"line":194,"column":0},"end":{"line":200,"column":1}},"line":194},"9":{"name":"getCbcStateSecret","decl":{"start":{"line":208,"column":0},"end":{"line":210,"column":1}},"loc":{"start":{"line":208,"column":0},"end":{"line":210,"column":1}},"line":208},"10":{"name":"getTheirPublicKey","decl":{"start":{"line":219,"column":0},"end":{"line":225,"column":1}},"loc":{"start":{"line":219,"column":0},"end":{"line":225,"column":1}},"line":219},"11":{"name":"getRandomPrefix","decl":{"start":{"line":233,"column":0},"end":{"line":238,"column":1}},"loc":{"start":{"line":233,"column":0},"end":{"line":238,"column":1}},"line":233}},"f":{"0":13,"1":13,"2":0,"3":8,"4":6,"5":11,"6":13,"7":4,"8":5,"9":9,"10":9,"11":4}}
,"/Users/weaver/Desktop/eliza-dot-aes/packages/common/src/interfaces.ts": {"path":"/Users/weaver/Desktop/eliza-dot-aes/packages/common/src/interfaces.ts","all":false,"statementMap":{"0":{"start":{"line":1,"column":0},"end":{"line":1,"column":0}},"1":{"start":{"line":2,"column":0},"end":{"line":2,"column":3}},"2":{"start":{"line":3,"column":0},"end":{"line":3,"column":25}},"3":{"start":{"line":4,"column":0},"end":{"line":4,"column":3}},"4":{"start":{"line":5,"column":0},"end":{"line":5,"column":66}},"5":{"start":{"line":6,"column":0},"end":{"line":6,"column":67}},"6":{"start":{"line":7,"column":0},"end":{"line":7,"column":42}},"7":{"start":{"line":8,"column":0},"end":{"line":8,"column":3}},"8":{"start":{"line":9,"column":0},"end":{"line":9,"column":49}},"9":{"start":{"line":10,"column":0},"end":{"line":10,"column":3}},"10":{"start":{"line":11,"column":0},"end":{"line":11,"column":70}},"11":{"start":{"line":12,"column":0},"end":{"line":12,"column":68}},"12":{"start":{"line":13,"column":0},"end":{"line":13,"column":75}},"13":{"start":{"line":14,"column":0},"end":{"line":14,"column":70}},"14":{"start":{"line":15,"column":0},"end":{"line":15,"column":33}},"15":{"start":{"line":16,"column":0},"end":{"line":16,"column":3}},"16":{"start":{"line":17,"column":0},"end":{"line":17,"column":0}},"17":{"start":{"line":18,"column":0},"end":{"line":18,"column":0}},"18":{"start":{"line":19,"column":0},"end":{"line":19,"column":61}},"19":{"start":{"line":20,"column":0},"end":{"line":20,"column":32}},"20":{"start":{"line":21,"column":0},"end":{"line":21,"column":12}},"21":{"start":{"line":22,"column":0},"end":{"line":22,"column":17}},"22":{"start":{"line":23,"column":0},"end":{"line":23,"column":13}},"23":{"start":{"line":24,"column":0},"end":{"line":24,"column":1}},"24":{"start":{"line":25,"column":0},"end":{"line":25,"column":0}},"25":{"start":{"line":26,"column":0},"end":{"line":26,"column":32}},"26":{"start":{"line":27,"column":0},"end":{"line":27,"column":27}},"27":{"start":{"line":28,"column":0},"end":{"line":28,"column":24}},"28":{"start":{"line":29,"column":0},"end":{"line":29,"column":76}},"29":{"start":{"line":30,"column":0},"end":{"line":30,"column":51}},"30":{"start":{"line":31,"column":0},"end":{"line":31,"column":32}},"31":{"start":{"line":32,"column":0},"end":{"line":32,"column":1}}},"s":{"0":1,"1":1,"2":1,"3":1,"4":1,"5":1,"6":1,"7":1,"8":1,"9":1,"10":1,"11":1,"12":1,"13":1,"14":1,"15":1,"16":1,"17":1,"18":1,"19":1,"20":1,"21":1,"22":1,"23":1,"24":1,"25":1,"26":1,"27":1,"28":1,"29":1,"30":1,"31":1},"branchMap":{},"b":{},"fnMap":{},"f":{}}
,"/Users/weaver/Desktop/eliza-dot-aes/packages/common/src/utils.ts": {"path":"/Users/weaver/Desktop/eliza-dot-aes/packages/common/src/utils.ts","all":false,"statementMap":{"0":{"start":{"line":1,"column":0},"end":{"line":1,"column":3}},"1":{"start":{"line":2,"column":0},"end":{"line":2,"column":25}},"2":{"start":{"line":3,"column":0},"end":{"line":3,"column":3}},"3":{"start":{"line":4,"column":0},"end":{"line":4,"column":66}},"4":{"start":{"line":5,"column":0},"end":{"line":5,"column":67}},"5":{"start":{"line":6,"column":0},"end":{"line":6,"column":42}},"6":{"start":{"line":7,"column":0},"end":{"line":7,"column":3}},"7":{"start":{"line":8,"column":0},"end":{"line":8,"column":49}},"8":{"start":{"line":9,"column":0},"end":{"line":9,"column":3}},"9":{"start":{"line":10,"column":0},"end":{"line":10,"column":70}},"10":{"start":{"line":11,"column":0},"end":{"line":11,"column":68}},"11":{"start":{"line":12,"column":0},"end":{"line":12,"column":75}},"12":{"start":{"line":13,"column":0},"end":{"line":13,"column":70}},"13":{"start":{"line":14,"column":0},"end":{"line":14,"column":33}},"14":{"start":{"line":15,"column":0},"end":{"line":15,"column":3}},"15":{"start":{"line":16,"column":0},"end":{"line":16,"column":0}},"16":{"start":{"line":17,"column":0},"end":{"line":17,"column":0}},"17":{"start":{"line":18,"column":0},"end":{"line":18,"column":22}},"18":{"start":{"line":19,"column":0},"end":{"line":19,"column":45}},"19":{"start":{"line":20,"column":0},"end":{"line":20,"column":0}},"20":{"start":{"line":21,"column":0},"end":{"line":21,"column":38}},"21":{"start":{"line":22,"column":0},"end":{"line":22,"column":16}},"22":{"start":{"line":23,"column":0},"end":{"line":23,"column":16}},"23":{"start":{"line":24,"column":0},"end":{"line":24,"column":17}},"24":{"start":{"line":25,"column":0},"end":{"line":25,"column":12}},"25":{"start":{"line":26,"column":0},"end":{"line":26,"column":0}},"26":{"start":{"line":27,"column":0},"end":{"line":27,"column":61}},"27":{"start":{"line":28,"column":0},"end":{"line":28,"column":0}},"28":{"start":{"line":29,"column":0},"end":{"line":29,"column":76}},"29":{"start":{"line":30,"column":0},"end":{"line":30,"column":7}},"30":{"start":{"line":31,"column":0},"end":{"line":31,"column":55}},"31":{"start":{"line":32,"column":0},"end":{"line":32,"column":47}},"32":{"start":{"line":33,"column":0},"end":{"line":33,"column":14}},"33":{"start":{"line":34,"column":0},"end":{"line":34,"column":19}},"34":{"start":{"line":35,"column":0},"end":{"line":35,"column":20}},"35":{"start":{"line":36,"column":0},"end":{"line":36,"column":20}},"36":{"start":{"line":37,"column":0},"end":{"line":37,"column":25}},"37":{"start":{"line":38,"column":0},"end":{"line":38,"column":19}},"38":{"start":{"line":39,"column":0},"end":{"line":39,"column":68}},"39":{"start":{"line":40,"column":0},"end":{"line":40,"column":3}},"40":{"start":{"line":41,"column":0},"end":{"line":41,"column":1}}},"s":{"0":1,"1":1,"2":1,"3":1,"4":1,"5":1,"6":1,"7":1,"8":1,"9":1,"10":1,"11":1,"12":1,"13":1,"14":1,"15":1,"16":1,"17":1,"18":1,"19":1,"20":1,"21":1,"22":1,"23":1,"24":1,"25":1,"26":1,"27":1,"28":1,"29":5,"30":5,"31":5,"32":5,"33":5,"34":5,"35":5,"36":5,"37":5,"38":4,"39":4,"40":5},"branchMap":{"0":{"type":"branch","line":29,"loc":{"start":{"line":29,"column":7},"end":{"line":41,"column":1}},"locations":[{"start":{"line":29,"column":7},"end":{"line":41,"column":1}}]},"1":{"type":"branch","line":38,"loc":{"start":{"line":38,"column":2},"end":{"line":40,"column":3}},"locations":[{"start":{"line":38,"column":2},"end":{"line":40,"column":3}}]}},"b":{"0":[5],"1":[4]},"fnMap":{"0":{"name":"convertJsonToEncryptedMemo","decl":{"start":{"line":29,"column":7},"end":{"line":41,"column":1}},"loc":{"start":{"line":29,"column":7},"end":{"line":41,"column":1}},"line":29}},"f":{"0":5}}
,"/Users/weaver/Desktop/eliza-dot-aes/packages/ecdsa-aes/src/index.ts": {"path":"/Users/weaver/Desktop/eliza-dot-aes/packages/ecdsa-aes/src/index.ts","all":false,"statementMap":{"0":{"start":{"line":1,"column":0},"end":{"line":1,"column":0}},"1":{"start":{"line":2,"column":0},"end":{"line":2,"column":3}},"2":{"start":{"line":3,"column":0},"end":{"line":3,"column":25}},"3":{"start":{"line":4,"column":0},"end":{"line":4,"column":3}},"4":{"start":{"line":5,"column":0},"end":{"line":5,"column":66}},"5":{"start":{"line":6,"column":0},"end":{"line":6,"column":67}},"6":{"start":{"line":7,"column":0},"end":{"line":7,"column":42}},"7":{"start":{"line":8,"column":0},"end":{"line":8,"column":3}},"8":{"start":{"line":9,"column":0},"end":{"line":9,"column":49}},"9":{"start":{"line":10,"column":0},"end":{"line":10,"column":3}},"10":{"start":{"line":11,"column":0},"end":{"line":11,"column":70}},"11":{"start":{"line":12,"column":0},"end":{"line":12,"column":68}},"12":{"start":{"line":13,"column":0},"end":{"line":13,"column":75}},"13":{"start":{"line":14,"column":0},"end":{"line":14,"column":70}},"14":{"start":{"line":15,"column":0},"end":{"line":15,"column":33}},"15":{"start":{"line":16,"column":0},"end":{"line":16,"column":3}},"16":{"start":{"line":17,"column":0},"end":{"line":17,"column":0}},"17":{"start":{"line":18,"column":0},"end":{"line":18,"column":0}},"18":{"start":{"line":19,"column":0},"end":{"line":19,"column":51}},"19":{"start":{"line":20,"column":0},"end":{"line":20,"column":73}},"20":{"start":{"line":21,"column":0},"end":{"line":21,"column":55}},"21":{"start":{"line":22,"column":0},"end":{"line":22,"column":0}},"22":{"start":{"line":23,"column":0},"end":{"line":23,"column":86}},"23":{"start":{"line":24,"column":0},"end":{"line":24,"column":77}},"24":{"start":{"line":25,"column":0},"end":{"line":25,"column":2}},"25":{"start":{"line":26,"column":0},"end":{"line":26,"column":0}},"26":{"start":{"line":27,"column":0},"end":{"line":27,"column":112}},"27":{"start":{"line":28,"column":0},"end":{"line":28,"column":38}},"28":{"start":{"line":29,"column":0},"end":{"line":29,"column":55}},"29":{"start":{"line":30,"column":0},"end":{"line":30,"column":50}},"30":{"start":{"line":31,"column":0},"end":{"line":31,"column":2}},"31":{"start":{"line":32,"column":0},"end":{"line":32,"column":0}},"32":{"start":{"line":33,"column":0},"end":{"line":33,"column":44}},"33":{"start":{"line":34,"column":0},"end":{"line":34,"column":0}},"34":{"start":{"line":35,"column":0},"end":{"line":35,"column":67}},"35":{"start":{"line":36,"column":0},"end":{"line":36,"column":119}},"36":{"start":{"line":37,"column":0},"end":{"line":37,"column":3}},"37":{"start":{"line":38,"column":0},"end":{"line":38,"column":1}}},"s":{"0":1,"1":1,"2":1,"3":1,"4":1,"5":1,"6":1,"7":1,"8":1,"9":1,"10":1,"11":1,"12":1,"13":1,"14":1,"15":1,"16":1,"17":1,"18":1,"19":1,"20":1,"21":1,"22":1,"23":10,"24":10,"25":1,"26":1,"27":8,"28":8,"29":8,"30":8,"31":1,"32":1,"33":1,"34":1,"35":8,"36":8,"37":1},"branchMap":{"0":{"type":"branch","line":23,"loc":{"start":{"line":23,"column":32},"end":{"line":25,"column":2}},"locations":[{"start":{"line":23,"column":32},"end":{"line":25,"column":2}}]},"1":{"type":"branch","line":27,"loc":{"start":{"line":27,"column":42},"end":{"line":31,"column":2}},"locations":[{"start":{"line":27,"column":42},"end":{"line":31,"column":2}}]},"2":{"type":"branch","line":35,"loc":{"start":{"line":35,"column":2},"end":{"line":37,"column":3}},"locations":[{"start":{"line":35,"column":2},"end":{"line":37,"column":3}}]}},"b":{"0":[10],"1":[8],"2":[8]},"fnMap":{"0":{"name":"getSharedSecretCallBack","decl":{"start":{"line":23,"column":32},"end":{"line":25,"column":2}},"loc":{"start":{"line":23,"column":32},"end":{"line":25,"column":2}},"line":23},"1":{"name":"getPublicKeyAndPrivateKeyCallBack","decl":{"start":{"line":27,"column":42},"end":{"line":31,"column":2}},"loc":{"start":{"line":27,"column":42},"end":{"line":31,"column":2}},"line":27},"2":{"name":"build","decl":{"start":{"line":35,"column":2},"end":{"line":37,"column":3}},"loc":{"start":{"line":35,"column":2},"end":{"line":37,"column":3}},"line":35}},"f":{"0":10,"1":8,"2":8}}
,"/Users/weaver/Desktop/eliza-dot-aes/packages/ed25519-aes/src/index.ts": {"path":"/Users/weaver/Desktop/eliza-dot-aes/packages/ed25519-aes/src/index.ts","all":false,"statementMap":{"0":{"start":{"line":1,"column":0},"end":{"line":1,"column":0}},"1":{"start":{"line":2,"column":0},"end":{"line":2,"column":3}},"2":{"start":{"line":3,"column":0},"end":{"line":3,"column":25}},"3":{"start":{"line":4,"column":0},"end":{"line":4,"column":3}},"4":{"start":{"line":5,"column":0},"end":{"line":5,"column":66}},"5":{"start":{"line":6,"column":0},"end":{"line":6,"column":67}},"6":{"start":{"line":7,"column":0},"end":{"line":7,"column":42}},"7":{"start":{"line":8,"column":0},"end":{"line":8,"column":3}},"8":{"start":{"line":9,"column":0},"end":{"line":9,"column":49}},"9":{"start":{"line":10,"column":0},"end":{"line":10,"column":3}},"10":{"start":{"line":11,"column":0},"end":{"line":11,"column":70}},"11":{"start":{"line":12,"column":0},"end":{"line":12,"column":68}},"12":{"start":{"line":13,"column":0},"end":{"line":13,"column":75}},"13":{"start":{"line":14,"column":0},"end":{"line":14,"column":70}},"14":{"start":{"line":15,"column":0},"end":{"line":15,"column":33}},"15":{"start":{"line":16,"column":0},"end":{"line":16,"column":3}},"16":{"start":{"line":17,"column":0},"end":{"line":17,"column":0}},"17":{"start":{"line":18,"column":0},"end":{"line":18,"column":0}},"18":{"start":{"line":19,"column":0},"end":{"line":19,"column":53}},"19":{"start":{"line":20,"column":0},"end":{"line":20,"column":51}},"20":{"start":{"line":21,"column":0},"end":{"line":21,"column":50}},"21":{"start":{"line":22,"column":0},"end":{"line":22,"column":0}},"22":{"start":{"line":23,"column":0},"end":{"line":23,"column":86}},"23":{"start":{"line":24,"column":0},"end":{"line":24,"column":74}},"24":{"start":{"line":25,"column":0},"end":{"line":25,"column":2}},"25":{"start":{"line":26,"column":0},"end":{"line":26,"column":0}},"26":{"start":{"line":27,"column":0},"end":{"line":27,"column":112}},"27":{"start":{"line":28,"column":0},"end":{"line":28,"column":48}},"28":{"start":{"line":29,"column":0},"end":{"line":29,"column":70}},"29":{"start":{"line":30,"column":0},"end":{"line":30,"column":63}},"30":{"start":{"line":31,"column":0},"end":{"line":31,"column":52}},"31":{"start":{"line":32,"column":0},"end":{"line":32,"column":2}},"32":{"start":{"line":33,"column":0},"end":{"line":33,"column":0}},"33":{"start":{"line":34,"column":0},"end":{"line":34,"column":46}},"34":{"start":{"line":35,"column":0},"end":{"line":35,"column":69}},"35":{"start":{"line":36,"column":0},"end":{"line":36,"column":118}},"36":{"start":{"line":37,"column":0},"end":{"line":37,"column":3}},"37":{"start":{"line":38,"column":0},"end":{"line":38,"column":1}}},"s":{"0":1,"1":1,"2":1,"3":1,"4":1,"5":1,"6":1,"7":1,"8":1,"9":1,"10":1,"11":1,"12":1,"13":1,"14":1,"15":1,"16":1,"17":1,"18":1,"19":1,"20":1,"21":1,"22":1,"23":8,"24":8,"25":1,"26":1,"27":6,"28":6,"29":6,"30":6,"31":6,"32":1,"33":1,"34":1,"35":6,"36":6,"37":1},"branchMap":{"0":{"type":"branch","line":23,"loc":{"start":{"line":23,"column":32},"end":{"line":25,"column":2}},"locations":[{"start":{"line":23,"column":32},"end":{"line":25,"column":2}}]},"1":{"type":"branch","line":27,"loc":{"start":{"line":27,"column":42},"end":{"line":32,"column":2}},"locations":[{"start":{"line":27,"column":42},"end":{"line":32,"column":2}}]},"2":{"type":"branch","line":35,"loc":{"start":{"line":35,"column":2},"end":{"line":37,"column":3}},"locations":[{"start":{"line":35,"column":2},"end":{"line":37,"column":3}}]}},"b":{"0":[8],"1":[6],"2":[6]},"fnMap":{"0":{"name":"getSharedSecretCallBack","decl":{"start":{"line":23,"column":32},"end":{"line":25,"column":2}},"loc":{"start":{"line":23,"column":32},"end":{"line":25,"column":2}},"line":23},"1":{"name":"getPublicKeyAndPrivateKeyCallBack","decl":{"start":{"line":27,"column":42},"end":{"line":32,"column":2}},"loc":{"start":{"line":27,"column":42},"end":{"line":32,"column":2}},"line":27},"2":{"name":"build","decl":{"start":{"line":35,"column":2},"end":{"line":37,"column":3}},"loc":{"start":{"line":35,"column":2},"end":{"line":37,"column":3}},"line":35}},"f":{"0":8,"1":6,"2":6}}
,"/Users/weaver/Desktop/eliza-dot-aes/packages/sr25519-aes/src/index.ts": {"path":"/Users/weaver/Desktop/eliza-dot-aes/packages/sr25519-aes/src/index.ts","all":false,"statementMap":{"0":{"start":{"line":1,"column":0},"end":{"line":1,"column":3}},"1":{"start":{"line":2,"column":0},"end":{"line":2,"column":25}},"2":{"start":{"line":3,"column":0},"end":{"line":3,"column":3}},"3":{"start":{"line":4,"column":0},"end":{"line":4,"column":66}},"4":{"start":{"line":5,"column":0},"end":{"line":5,"column":67}},"5":{"start":{"line":6,"column":0},"end":{"line":6,"column":42}},"6":{"start":{"line":7,"column":0},"end":{"line":7,"column":3}},"7":{"start":{"line":8,"column":0},"end":{"line":8,"column":49}},"8":{"start":{"line":9,"column":0},"end":{"line":9,"column":3}},"9":{"start":{"line":10,"column":0},"end":{"line":10,"column":70}},"10":{"start":{"line":11,"column":0},"end":{"line":11,"column":68}},"11":{"start":{"line":12,"column":0},"end":{"line":12,"column":75}},"12":{"start":{"line":13,"column":0},"end":{"line":13,"column":70}},"13":{"start":{"line":14,"column":0},"end":{"line":14,"column":33}},"14":{"start":{"line":15,"column":0},"end":{"line":15,"column":3}},"15":{"start":{"line":16,"column":0},"end":{"line":16,"column":0}},"16":{"start":{"line":17,"column":0},"end":{"line":17,"column":53}},"17":{"start":{"line":18,"column":0},"end":{"line":18,"column":42}},"18":{"start":{"line":19,"column":0},"end":{"line":19,"column":0}},"19":{"start":{"line":20,"column":0},"end":{"line":20,"column":0}},"20":{"start":{"line":21,"column":0},"end":{"line":21,"column":86}},"21":{"start":{"line":22,"column":0},"end":{"line":22,"column":75}},"22":{"start":{"line":23,"column":0},"end":{"line":23,"column":2}},"23":{"start":{"line":24,"column":0},"end":{"line":24,"column":0}},"24":{"start":{"line":25,"column":0},"end":{"line":25,"column":118}},"25":{"start":{"line":26,"column":0},"end":{"line":26,"column":62}},"26":{"start":{"line":27,"column":0},"end":{"line":27,"column":53}},"27":{"start":{"line":28,"column":0},"end":{"line":28,"column":33}},"28":{"start":{"line":29,"column":0},"end":{"line":29,"column":2}},"29":{"start":{"line":30,"column":0},"end":{"line":30,"column":0}},"30":{"start":{"line":31,"column":0},"end":{"line":31,"column":46}},"31":{"start":{"line":32,"column":0},"end":{"line":32,"column":69}},"32":{"start":{"line":33,"column":0},"end":{"line":33,"column":118}},"33":{"start":{"line":34,"column":0},"end":{"line":34,"column":3}},"34":{"start":{"line":35,"column":0},"end":{"line":35,"column":1}}},"s":{"0":1,"1":1,"2":1,"3":1,"4":1,"5":1,"6":1,"7":1,"8":1,"9":1,"10":1,"11":1,"12":1,"13":1,"14":1,"15":1,"16":1,"17":1,"18":1,"19":1,"20":1,"21":8,"22":8,"23":1,"24":1,"25":6,"26":6,"27":6,"28":6,"29":1,"30":1,"31":1,"32":6,"33":6,"34":1},"branchMap":{"0":{"type":"branch","line":21,"loc":{"start":{"line":21,"column":32},"end":{"line":23,"column":2}},"locations":[{"start":{"line":21,"column":32},"end":{"line":23,"column":2}}]},"1":{"type":"branch","line":25,"loc":{"start":{"line":25,"column":42},"end":{"line":29,"column":2}},"locations":[{"start":{"line":25,"column":42},"end":{"line":29,"column":2}}]},"2":{"type":"branch","line":32,"loc":{"start":{"line":32,"column":2},"end":{"line":34,"column":3}},"locations":[{"start":{"line":32,"column":2},"end":{"line":34,"column":3}}]}},"b":{"0":[8],"1":[6],"2":[6]},"fnMap":{"0":{"name":"getSharedSecretCallBack","decl":{"start":{"line":21,"column":32},"end":{"line":23,"column":2}},"loc":{"start":{"line":21,"column":32},"end":{"line":23,"column":2}},"line":21},"1":{"name":"getPublicKeyAndPrivateKeyCallBack","decl":{"start":{"line":25,"column":42},"end":{"line":29,"column":2}},"loc":{"start":{"line":25,"column":42},"end":{"line":29,"column":2}},"line":25},"2":{"name":"build","decl":{"start":{"line":32,"column":2},"end":{"line":34,"column":3}},"loc":{"start":{"line":32,"column":2},"end":{"line":34,"column":3}},"line":32}},"f":{"0":8,"1":6,"2":6}}
}
